<?xml version="1.0" encoding="UTF-8"?>
<!-- Generated by org.testng.reporters.JUnitReportReporter -->
<testsuite hostname="MATHANKUMAR3005" failures="0" tests="1" name="Practice.window" time="25.785" errors="0" timestamp="2022-11-25T17:59:30 IST" skipped="0">
  <testcase classname="Practice.window" name="win" time="25.785"/>
  <system-out/>
</testsuite> <!-- Practice.window -->
