<?xml version="1.0" encoding="UTF-8"?>
<!-- Generated by org.testng.reporters.JUnitReportReporter -->
<testsuite hostname="MATHANKUMAR3005" failures="0" tests="1" name="TestNG.TC1_Test" time="4.271" errors="0" timestamp="2022-09-19T17:13:09 IST" skipped="0">
  <testcase classname="TestNG.TC1_Test" name="tc1_Test" time="4.271"/>
  <system-out/>
</testsuite> <!-- TestNG.TC1_Test -->
