<?xml version="1.0" encoding="UTF-8"?>
<!-- Generated by org.testng.reporters.JUnitReportReporter -->
<testsuite hostname="MATHANKUMAR3005" failures="0" tests="1" name="TestNG.TestExecution2" time="1.661" errors="0" timestamp="2022-09-16T15:16:59 IST" skipped="0">
  <testcase classname="TestNG.TestExecution2" name="testexecution1" time="1.661"/>
  <system-out>
    <![CDATA[1]]>
  </system-out>
</testsuite> <!-- TestNG.TestExecution2 -->
