<?xml version="1.0" encoding="UTF-8"?>
<!-- Generated by org.testng.reporters.JUnitReportReporter -->
<testsuite hostname="MATHANKUMAR3005" failures="0" tests="1" name="Mock.ReveseString1" time="0.010" errors="0" timestamp="2022-12-14T16:58:59 IST" skipped="0">
  <testcase classname="Mock.ReveseString1" name="string" time="0.010"/>
  <system-out/>
</testsuite> <!-- Mock.ReveseString1 -->
