<?xml version="1.0" encoding="UTF-8"?>
<!-- Generated by org.testng.reporters.JUnitReportReporter -->
<testsuite hostname="MATHANKUMAR3005" failures="0" tests="1" name="Assignment_Programs.PrintNoOfVovelesWithoutDuplicates" time="0.011" errors="0" timestamp="2022-10-12T07:34:16 IST" skipped="0">
  <testcase classname="Assignment_Programs.PrintNoOfVovelesWithoutDuplicates" name="voveles" time="0.011"/>
  <system-out/>
</testsuite> <!-- Assignment_Programs.PrintNoOfVovelesWithoutDuplicates -->
