<?xml version="1.0" encoding="UTF-8"?>
<!-- Generated by org.testng.reporters.JUnitReportReporter -->
<testsuite hostname="MATHANKUMAR3005" failures="0" tests="1" name="Mock.ReveseString" time="0.013" errors="0" timestamp="2022-12-14T16:29:53 IST" skipped="0">
  <testcase classname="Mock.ReveseString" name="reverse" time="0.013"/>
  <system-out/>
</testsuite> <!-- Mock.ReveseString -->
