<?xml version="1.0" encoding="UTF-8"?>
<!-- Generated by org.testng.reporters.JUnitReportReporter -->
<testsuite hostname="MATHANKUMAR3005" failures="0" tests="1" name="String_Programs.PrintNoOfVovelesInString" time="0.011" errors="0" timestamp="2022-10-12T07:26:58 IST" skipped="0">
  <testcase classname="String_Programs.PrintNoOfVovelesInString" name="voveles" time="0.011"/>
  <system-out/>
</testsuite> <!-- String_Programs.PrintNoOfVovelesInString -->
