<?xml version="1.0" encoding="UTF-8"?>
<!-- Generated by org.testng.reporters.JUnitReportReporter -->
<testsuite hostname="MATHANKUMAR3005" failures="0" tests="1" name="Mock.SperateAlpha" time="0.009" errors="0" timestamp="2022-12-06T23:00:00 IST" skipped="0">
  <testcase classname="Mock.SperateAlpha" name="Alpha" time="0.009"/>
  <system-out/>
</testsuite> <!-- Mock.SperateAlpha -->
