<?xml version="1.0" encoding="UTF-8"?>
<!-- Generated by org.testng.reporters.JUnitReportReporter -->
<testsuite hostname="MATHANKUMAR3005" failures="0" tests="1" name="Practice.Makemytrip1" time="119.045" errors="0" timestamp="2022-12-01T11:16:44 IST" skipped="0">
  <testcase classname="Practice.Makemytrip1" name="mytrip" time="119.045"/>
  <system-out/>
</testsuite> <!-- Practice.Makemytrip1 -->
