<?xml version="1.0" encoding="UTF-8"?>
<!-- Generated by org.testng.reporters.JUnitReportReporter -->
<testsuite hostname="MATHANKUMAR3005" failures="0" tests="1" name="String_Programs.PrintNoOfVovelesInString" time="0.010" errors="0" timestamp="2022-11-18T13:16:40 IST" skipped="0">
  <testcase classname="String_Programs.PrintNoOfVovelesInString" name="voveles" time="0.010"/>
  <system-out/>
</testsuite> <!-- String_Programs.PrintNoOfVovelesInString -->
