<?xml version="1.0" encoding="UTF-8"?>
<!-- Generated by org.testng.reporters.JUnitReportReporter -->
<testsuite hostname="MATHANKUMAR3005" failures="0" tests="1" name="Practice.BookMyShow" time="97.539" errors="0" timestamp="2022-12-02T11:38:25 IST" skipped="0">
  <testcase classname="Practice.BookMyShow" name="book" time="97.539"/>
  <system-out/>
</testsuite> <!-- Practice.BookMyShow -->
