<?xml version="1.0" encoding="UTF-8"?>
<!-- Generated by org.testng.reporters.JUnitReportReporter -->
<testsuite hostname="MATHANKUMAR3005" failures="0" tests="1" name="Practice.CricketLiveScroe" time="13.593" errors="0" timestamp="2022-11-23T17:36:57 IST" skipped="0">
  <testcase classname="Practice.CricketLiveScroe" name="cricket" time="13.593"/>
  <system-out/>
</testsuite> <!-- Practice.CricketLiveScroe -->
