<?xml version="1.0" encoding="UTF-8"?>
<!-- Generated by org.testng.reporters.JUnitReportReporter -->
<testsuite hostname="MATHANKUMAR3005" failures="0" tests="1" name="PremNoteMock.Reverse" time="0.011" errors="0" timestamp="2022-11-25T13:19:29 IST" skipped="0">
  <testcase classname="PremNoteMock.Reverse" name="main1" time="0.011"/>
  <system-out/>
</testsuite> <!-- PremNoteMock.Reverse -->
