<?xml version="1.0" encoding="UTF-8"?>
<!-- Generated by org.testng.reporters.JUnitReportReporter -->
<testsuite hostname="MATHANKUMAR3005" failures="0" tests="1" name="TestNG.TestExecution2Test" time="4.008" errors="0" timestamp="2022-09-21T10:45:59 IST" skipped="0">
  <testcase classname="TestNG.TestExecution2Test" name="testexecution1test" time="4.008"/>
  <system-out>
    <![CDATA[1]]>
  </system-out>
</testsuite> <!-- TestNG.TestExecution2Test -->
