<?xml version="1.0" encoding="UTF-8"?>
<!-- Generated by org.testng.reporters.JUnitReportReporter -->
<testsuite hostname="MATHANKUMAR3005" failures="0" tests="1" name="Practice.flipkart" time="38.503" errors="0" timestamp="2022-12-03T12:22:44 IST" skipped="0">
  <testcase classname="Practice.flipkart" name="flip" time="38.503"/>
  <system-out/>
</testsuite> <!-- Practice.flipkart -->
