<?xml version="1.0" encoding="UTF-8"?>
<!-- Generated by org.testng.reporters.JUnitReportReporter -->
<testsuite hostname="MATHANKUMAR3005" failures="0" tests="1" name="PremNoteMock.ReverseAString" time="0.008" errors="0" timestamp="2022-11-25T13:21:16 IST" skipped="0">
  <testcase classname="PremNoteMock.ReverseAString" name="main" time="0.008"/>
  <system-out/>
</testsuite> <!-- PremNoteMock.ReverseAString -->
