<?xml version="1.0" encoding="UTF-8"?>
<!-- Generated by org.testng.reporters.JUnitReportReporter -->
<testsuite hostname="MATHANKUMAR3005" failures="0" tests="1" name="TestNG.TC2_Test" time="10.844" errors="0" timestamp="2022-09-19T17:14:40 IST" skipped="0">
  <testcase classname="TestNG.TC2_Test" name="tc2_Test" time="10.844"/>
  <system-out/>
</testsuite> <!-- TestNG.TC2_Test -->
