<?xml version="1.0" encoding="UTF-8"?>
<!-- Generated by org.testng.reporters.JUnitReportReporter -->
<testsuite hostname="MATHANKUMAR3005" failures="0" tests="1" name="Java_Programs.Print2to10WithoutLoop" time="0.009" errors="0" timestamp="2022-12-06T11:48:40 IST" skipped="0">
  <testcase classname="Java_Programs.Print2to10WithoutLoop" name="print" time="0.009"/>
  <system-out/>
</testsuite> <!-- Java_Programs.Print2to10WithoutLoop -->
