<?xml version="1.0" encoding="UTF-8"?>
<!-- Generated by org.testng.reporters.JUnitReportReporter -->
<testsuite hostname="MATHANKUMAR3005" failures="0" tests="1" name="Practice.RedBus" time="46.306" errors="0" timestamp="2022-11-25T17:35:03 IST" skipped="0">
  <testcase classname="Practice.RedBus" name="bus" time="46.306"/>
  <system-out/>
</testsuite> <!-- Practice.RedBus -->
