<?xml version="1.0" encoding="UTF-8"?>
<!-- Generated by org.testng.reporters.JUnitReportReporter -->
<testsuite hostname="MATHANKUMAR3005" failures="0" tests="1" name="Assignment_Programs.PositionOfEachNumber" time="0.009" errors="0" timestamp="2022-10-10T17:24:45 IST" skipped="0">
  <testcase classname="Assignment_Programs.PositionOfEachNumber" name="position" time="0.009"/>
  <system-out/>
</testsuite> <!-- Assignment_Programs.PositionOfEachNumber -->
