<?xml version="1.0" encoding="UTF-8"?>
<!-- Generated by org.testng.reporters.JUnitReportReporter -->
<testsuite hostname="MATHANKUMAR3005" failures="0" tests="1" name="Assignment_Programs.PrintUniqueNumbersWithCount" time="0.010" errors="0" timestamp="2022-10-10T17:22:55 IST" skipped="0">
  <testcase classname="Assignment_Programs.PrintUniqueNumbersWithCount" name="duplicate" time="0.010"/>
  <system-out/>
</testsuite> <!-- Assignment_Programs.PrintUniqueNumbersWithCount -->
