<?xml version="1.0" encoding="UTF-8"?>
<!-- Generated by org.testng.reporters.JUnitReportReporter -->
<testsuite hostname="MATHANKUMAR3005" failures="0" tests="1" name="Mock.I_01" time="9.308" errors="0" timestamp="2022-12-01T16:20:32 IST" skipped="0">
  <testcase classname="Mock.I_01" name="interview" time="9.308"/>
  <system-out/>
</testsuite> <!-- Mock.I_01 -->
