<?xml version="1.0" encoding="UTF-8"?>
<!-- Generated by org.testng.reporters.JUnitReportReporter -->
<testsuite hostname="MATHANKUMAR3005" failures="0" tests="1" name="TestNG.TestExecution1Test" time="1.448" errors="0" timestamp="2022-09-20T11:19:10 IST" skipped="0">
  <testcase classname="TestNG.TestExecution1Test" name="testexecution1Test" time="1.448"/>
  <system-out>
    <![CDATA[1]]>
  </system-out>
</testsuite> <!-- TestNG.TestExecution1Test -->
