<?xml version="1.0" encoding="UTF-8"?>
<!-- Generated by org.testng.reporters.JUnitReportReporter -->
<testsuite hostname="MATHANKUMAR3005" failures="0" tests="1" name="Practice.IRCTC" time="17.151" errors="0" timestamp="2022-12-06T13:11:52 IST" skipped="0">
  <testcase classname="Practice.IRCTC" name="book" time="17.151"/>
  <system-out/>
</testsuite> <!-- Practice.IRCTC -->
