<?xml version="1.0" encoding="UTF-8"?>
<!-- Generated by org.testng.reporters.JUnitReportReporter -->
<testsuite hostname="MATHANKUMAR3005" failures="0" tests="1" name="TestNG.TC_2" time="11.505" errors="0" timestamp="2022-09-14T20:30:25 IST" skipped="0">
  <testcase classname="TestNG.TC_2" name="tc_2" time="11.505"/>
  <system-out/>
</testsuite> <!-- TestNG.TC_2 -->
