<?xml version="1.0" encoding="UTF-8"?>
<!-- Generated by org.testng.reporters.JUnitReportReporter -->
<testsuite hostname="MATHANKUMAR3005" failures="0" tests="1" name="TestNG.TestExecution3Test" time="7.279" errors="0" timestamp="2022-09-20T18:43:17 IST" skipped="0">
  <testcase classname="TestNG.TestExecution3Test" name="testexecution3test" time="7.279"/>
  <system-out>
    <![CDATA[19]]>
  </system-out>
</testsuite> <!-- TestNG.TestExecution3Test -->
