<?xml version="1.0" encoding="UTF-8"?>
<!-- Generated by org.testng.reporters.JUnitReportReporter -->
<testsuite hostname="MATHANKUMAR3005" failures="0" tests="1" name="TestNG.RemoteExecution" time="9.948" errors="0" timestamp="2022-11-23T09:51:53 IST" skipped="0">
  <testcase classname="TestNG.RemoteExecution" name="remotedrievr" time="9.948"/>
  <system-out/>
</testsuite> <!-- TestNG.RemoteExecution -->
