<?xml version="1.0" encoding="UTF-8"?>
<!-- Generated by org.testng.reporters.JUnitReportReporter -->
<testsuite hostname="MATHANKUMAR3005" failures="0" tests="1" name="TestNG.TC4_Test" time="7.888" errors="0" timestamp="2022-09-19T17:18:17 IST" skipped="0">
  <testcase classname="TestNG.TC4_Test" name="tc4_Test" time="7.888"/>
  <system-out/>
</testsuite> <!-- TestNG.TC4_Test -->
