<?xml version="1.0" encoding="UTF-8"?>
<!-- Generated by org.testng.reporters.JUnitReportReporter -->
<testsuite hostname="MATHANKUMAR3005" failures="0" tests="1" name="String_Programs.ReverceWithIntheWord" time="0.012" errors="0" timestamp="2022-12-02T15:28:29 IST" skipped="0">
  <testcase classname="String_Programs.ReverceWithIntheWord" name="reverse" time="0.012"/>
  <system-out/>
</testsuite> <!-- String_Programs.ReverceWithIntheWord -->
