<?xml version="1.0" encoding="UTF-8"?>
<!-- Generated by org.testng.reporters.JUnitReportReporter -->
<testsuite hostname="MATHANKUMAR3005" failures="0" tests="1" name="Mock.p2" time="0.011" errors="0" timestamp="2022-11-26T11:46:15 IST" skipped="0">
  <testcase classname="Mock.p2" name="p" time="0.011"/>
  <system-out/>
</testsuite> <!-- Mock.p2 -->
