<?xml version="1.0" encoding="UTF-8"?>
<!-- Generated by org.testng.reporters.JUnitReportReporter -->
<testsuite hostname="MATHANKUMAR3005" failures="0" tests="1" name="Practice.ShadowElement" time="9.856" errors="0" timestamp="2022-11-24T09:48:37 IST" skipped="0">
  <testcase classname="Practice.ShadowElement" name="Shadow" time="9.856"/>
  <system-out/>
</testsuite> <!-- Practice.ShadowElement -->
