<?xml version="1.0" encoding="UTF-8"?>
<!-- Generated by org.testng.reporters.JUnitReportReporter -->
<testsuite hostname="MATHANKUMAR3005" failures="0" tests="1" name="TestNG.TestExecution4Test" time="4.052" errors="0" timestamp="2022-09-20T18:43:17 IST" skipped="0">
  <testcase classname="TestNG.TestExecution4Test" name="testexecution4test" time="4.052"/>
  <system-out>
    <![CDATA[1]]>
  </system-out>
</testsuite> <!-- TestNG.TestExecution4Test -->
