<?xml version="1.0" encoding="UTF-8"?>
<!-- Generated by org.testng.reporters.JUnitReportReporter -->
<testsuite hostname="MATHANKUMAR3005" failures="0" tests="1" name="Assignment_Programs.PrintDuplicates" time="0.009" errors="0" timestamp="2022-10-11T11:13:19 IST" skipped="0">
  <testcase classname="Assignment_Programs.PrintDuplicates" name="duplicate" time="0.009"/>
  <system-out/>
</testsuite> <!-- Assignment_Programs.PrintDuplicates -->
