<?xml version="1.0" encoding="UTF-8"?>
<!-- Generated by org.testng.reporters.JUnitReportReporter -->
<testsuite hostname="MATHANKUMAR3005" failures="0" tests="1" name="TestNG.TC_1" time="3.948" errors="0" timestamp="2022-09-14T20:02:39 IST" skipped="0">
  <testcase classname="TestNG.TC_1" name="tc_1" time="3.948"/>
  <system-out/>
</testsuite> <!-- TestNG.TC_1 -->
