<?xml version="1.0" encoding="UTF-8"?>
<!-- Generated by org.testng.reporters.JUnitReportReporter -->
<testsuite hostname="MATHANKUMAR3005" failures="0" tests="1" name="TestNG.TC_4" time="8.425" errors="0" timestamp="2022-09-15T17:48:06 IST" skipped="0">
  <testcase classname="TestNG.TC_4" name="tc_4" time="8.425"/>
  <system-out/>
</testsuite> <!-- TestNG.TC_4 -->
