<?xml version="1.0" encoding="UTF-8"?>
<!-- Generated by org.testng.reporters.JUnitReportReporter -->
<testsuite hostname="MATHANKUMAR3005" failures="0" tests="1" name="String_Programs.SubString" time="0.008" errors="0" timestamp="2022-12-06T10:33:01 IST" skipped="0">
  <testcase classname="String_Programs.SubString" name="string" time="0.008"/>
  <system-out/>
</testsuite> <!-- String_Programs.SubString -->
