<?xml version="1.0" encoding="UTF-8"?>
<!-- Generated by org.testng.reporters.JUnitReportReporter -->
<testsuite hostname="MATHANKUMAR3005" failures="0" tests="1" name="Practice.Redbus1" time="51.509" errors="0" timestamp="2022-11-26T11:26:25 IST" skipped="0">
  <testcase classname="Practice.Redbus1" name="red" time="51.509"/>
  <system-out/>
</testsuite> <!-- Practice.Redbus1 -->
