<?xml version="1.0" encoding="UTF-8"?>
<!-- Generated by org.testng.reporters.JUnitReportReporter -->
<testsuite hostname="MATHANKUMAR3005" failures="0" tests="1" name="Assignment_Programs.PrintUniqueNumbers" time="0.008" errors="0" timestamp="2022-10-12T07:52:23 IST" skipped="0">
  <testcase classname="Assignment_Programs.PrintUniqueNumbers" name="unique" time="0.008"/>
  <system-out/>
</testsuite> <!-- Assignment_Programs.PrintUniqueNumbers -->
