<?xml version="1.0" encoding="UTF-8"?>
<!-- Generated by org.testng.reporters.JUnitReportReporter -->
<testsuite hostname="MATHANKUMAR3005" failures="0" tests="1" name="TestNG.FetchTheDataFromCMD" time="8.887" errors="0" timestamp="2022-09-20T13:34:45 IST" skipped="0">
  <testcase classname="TestNG.FetchTheDataFromCMD" name="cmd" time="8.887"/>
  <system-out/>
</testsuite> <!-- TestNG.FetchTheDataFromCMD -->
