<?xml version="1.0" encoding="UTF-8"?>
<!-- Generated by org.testng.reporters.JUnitReportReporter -->
<testsuite hostname="MATHANKUMAR3005" failures="0" tests="1" name="Mock.PrintDuplicate" time="0.008" errors="0" timestamp="2022-12-06T20:17:43 IST" skipped="0">
  <testcase classname="Mock.PrintDuplicate" name="duplicate" time="0.008"/>
  <system-out/>
</testsuite> <!-- Mock.PrintDuplicate -->
