<?xml version="1.0" encoding="UTF-8"?>
<!-- Generated by org.testng.reporters.JUnitReportReporter -->
<testsuite hostname="MATHANKUMAR3005" failures="0" tests="1" name="Assignment_Programs.PositionOfEachNumberWithDuplicate" time="0.010" errors="0" timestamp="2022-10-12T07:33:20 IST" skipped="0">
  <testcase classname="Assignment_Programs.PositionOfEachNumberWithDuplicate" name="position" time="0.010"/>
  <system-out/>
</testsuite> <!-- Assignment_Programs.PositionOfEachNumberWithDuplicate -->
