<?xml version="1.0" encoding="UTF-8"?>
<!-- Generated by org.testng.reporters.JUnitReportReporter -->
<testsuite hostname="MATHANKUMAR3005" name="TestNG.TC1_Test" tests="1" failures="0" timestamp="19 Sep 2022 11:41:21 GMT" time="4.153" errors="0">
  <testcase name="tc1_Test" time="4.153" classname="TestNG.TC1_Test"/>
</testsuite> <!-- TestNG.TC1_Test -->
