<?xml version="1.0" encoding="UTF-8"?>
<!-- Generated by org.testng.reporters.JUnitReportReporter -->
<testsuite hostname="MATHANKUMAR3005" name="Practice.TestNGpractice" tests="1" failures="0" timestamp="19 Sep 2022 11:41:21 GMT" time="0.000" errors="0">
  <testcase name="step1" time="0.000" classname="Practice.TestNGpractice"/>
</testsuite> <!-- Practice.TestNGpractice -->
