<?xml version="1.0" encoding="UTF-8"?>
<!-- Generated by org.testng.reporters.JUnitReportReporter -->
<testsuite skipped="0" hostname="MATHANKUMAR3005" name="TestNG.TestExecution1Test" tests="1" failures="0" timestamp="2022-09-20T14:44:25 IST" time="1.269" errors="0">
  <testcase name="testexecution1Test" time="1.269" classname="TestNG.TestExecution1Test"/>
  <system-out>
1  </system-out>
</testsuite> <!-- TestNG.TestExecution1Test -->
